<?xml version="1.0" encoding="utf-8"?><testsuites name="pytest tests"><testsuite name="pytest" errors="0" failures="0" skipped="0" tests="18" time="18.382" timestamp="2026-05-19T10:00:11.923710+00:00" hostname="agent-env-349a78bd-26c0-4367-acfe-d876f83b087c"><testcase classname="backend.tests.test_fase2_external.TestExternalStatus" name="test_status_shape" time="5.661" /><testcase classname="backend.tests.test_fase2_external.TestModbusClient" name="test_operator_forbidden" time="0.228" /><testcase classname="backend.tests.test_fase2_external.TestModbusClient" name="test_admin_enable_and_mirror_populates" time="6.008" /><testcase classname="backend.tests.test_fase2_external.TestModeAndDrift" name="test_set_mode_shadow" time="0.007" /><testcase classname="backend.tests.test_fase2_external.TestModeAndDrift" name="test_drift_populated_in_shadow" time="3.004" /><testcase classname="backend.tests.test_fase2_external.TestModeAndDrift" name="test_set_mode_twin" time="3.010" /><testcase classname="backend.tests.test_fase2_external.TestModeAndDrift" name="test_back_to_simulator" time="0.006" /><testcase classname="backend.tests.test_fase2_external.TestOtherClients" name="test_opcua_client_endpoint" time="0.005" /><testcase classname="backend.tests.test_fase2_external.TestOtherClients" name="test_mqtt_subscriber_endpoint" time="0.207" /><testcase classname="backend.tests.test_fase2_external.TestCalibration" name="test_analyze" time="0.022" /><testcase classname="backend.tests.test_fase2_external.TestCalibration" name="test_apply" time="0.003" /><testcase classname="backend.tests.test_fase2_external.TestCalibration" name="test_analyze_forbidden_operator" time="0.002" /><testcase classname="backend.tests.test_fase2_external.TestAudit" name="test_admin_sees_all" time="0.003" /><testcase classname="backend.tests.test_fase2_external.TestAudit" name="test_operator_sees_only_own" time="0.003" /><testcase classname="backend.tests.test_fase2_external.TestRegression" name="test_state" time="0.002" /><testcase classname="backend.tests.test_fase2_external.TestRegression" name="test_services_status" time="0.001" /><testcase classname="backend.tests.test_fase2_external.TestRegression" name="test_recipes" time="0.003" /><testcase classname="backend.tests.test_fase2_external.TestRegression" name="test_batches_list" time="0.025" /></testsuite></testsuites>