<?xml version="1.0" encoding="utf-8"?><testsuites name="pytest tests"><testsuite name="pytest" errors="0" failures="0" skipped="0" tests="48" time="24.458" timestamp="2026-05-19T02:16:29.870156+00:00" hostname="agent-env-349a78bd-26c0-4367-acfe-d876f83b087c"><testcase classname="backend.tests.test_auth_recipes_batches.TestAuth" name="test_login_admin" time="0.499" /><testcase classname="backend.tests.test_auth_recipes_batches.TestAuth" name="test_login_operator" time="0.326" /><testcase classname="backend.tests.test_auth_recipes_batches.TestAuth" name="test_login_invalid" time="0.479" /><testcase classname="backend.tests.test_auth_recipes_batches.TestAuth" name="test_me" time="0.442" /><testcase classname="backend.tests.test_auth_recipes_batches.TestAuth" name="test_me_no_token" time="0.104" /><testcase classname="backend.tests.test_auth_recipes_batches.TestAuth" name="test_change_password_wrong_current" time="0.673" /><testcase classname="backend.tests.test_auth_recipes_batches.TestAuth" name="test_change_password_correct_then_revert" time="1.566" /><testcase classname="backend.tests.test_auth_recipes_batches.TestAuth" name="test_recover_invalid_code" time="0.094" /><testcase classname="backend.tests.test_auth_recipes_batches.TestAuth" name="test_list_users_admin" time="0.103" /><testcase classname="backend.tests.test_auth_recipes_batches.TestAuth" name="test_list_users_operator_forbidden" time="0.095" /><testcase classname="backend.tests.test_auth_recipes_batches.TestMode" name="test_get_mode" time="0.104" /><testcase classname="backend.tests.test_auth_recipes_batches.TestMode" name="test_set_mode_admin" time="0.362" /><testcase classname="backend.tests.test_auth_recipes_batches.TestMode" name="test_set_mode_operator_forbidden" time="0.139" /><testcase classname="backend.tests.test_auth_recipes_batches.TestMode" name="test_throughput_admin" time="0.235" /><testcase classname="backend.tests.test_auth_recipes_batches.TestMode" name="test_throughput_operator_forbidden" time="0.105" /><testcase classname="backend.tests.test_auth_recipes_batches.TestMode" name="test_twin_mode_freezes_simulator" time="3.489" /><testcase classname="backend.tests.test_auth_recipes_batches.TestStateNew" name="test_state_has_new_fields" time="0.127" /><testcase classname="backend.tests.test_auth_recipes_batches.TestRecipes" name="test_list_defaults" time="0.121" /><testcase classname="backend.tests.test_auth_recipes_batches.TestRecipes" name="test_apply_recipe_suave" time="0.108" /><testcase classname="backend.tests.test_auth_recipes_batches.TestRecipes" name="test_apply_recipe_404" time="0.129" /><testcase classname="backend.tests.test_auth_recipes_batches.TestRecipes" name="test_create_recipe_admin" time="0.251" /><testcase classname="backend.tests.test_auth_recipes_batches.TestRecipes" name="test_create_recipe_operator_forbidden" time="0.129" /><testcase classname="backend.tests.test_auth_recipes_batches.TestRecipes" name="test_delete_recipe_admin" time="0.131" /><testcase classname="backend.tests.test_auth_recipes_batches.TestRecipes" name="test_delete_recipe_operator_forbidden" time="0.118" /><testcase classname="backend.tests.test_auth_recipes_batches.TestBatches" name="test_list_batches_requires_auth" time="0.237" /><testcase classname="backend.tests.test_auth_recipes_batches.TestBatches" name="test_active_when_none" time="0.129" /><testcase classname="backend.tests.test_auth_recipes_batches.TestBatches" name="test_create_and_close_batch" time="0.807" /><testcase classname="backend.tests.test_auth_recipes_batches.TestServicesUp" name="test_services_status" time="0.114" /><testcase classname="backend.tests.test_yerba_api.TestState" name="test_root" time="0.409" /><testcase classname="backend.tests.test_yerba_api.TestState" name="test_state_structure" time="0.059" /><testcase classname="backend.tests.test_yerba_api.TestState" name="test_services_status" time="0.057" /><testcase classname="backend.tests.test_yerba_api.TestState" name="test_history" time="5.084" /><testcase classname="backend.tests.test_yerba_api.TestControls" name="test_zapecado_patch" time="0.112" /><testcase classname="backend.tests.test_yerba_api.TestControls" name="test_secado_patch" time="0.057" /><testcase classname="backend.tests.test_yerba_api.TestControls" name="test_canchado_patch" time="0.057" /><testcase classname="backend.tests.test_yerba_api.TestControls" name="test_camara_patch" time="0.060" /><testcase classname="backend.tests.test_yerba_api.TestControls" name="test_camara_invalid_idx" time="0.072" /><testcase classname="backend.tests.test_yerba_api.TestConfig" name="test_get_config" time="0.062" /><testcase classname="backend.tests.test_yerba_api.TestConfig" name="test_patch_config" time="0.058" /><testcase classname="backend.tests.test_yerba_api.TestWeather" name="test_weather_get" time="0.061" /><testcase classname="backend.tests.test_yerba_api.TestWeather" name="test_weather_search" time="0.650" /><testcase classname="backend.tests.test_yerba_api.TestWeather" name="test_weather_set_location" time="0.564" /><testcase classname="backend.tests.test_yerba_api.TestAI" name="test_ai_chat" time="3.332" /><testcase classname="backend.tests.test_yerba_api.TestAI" name="test_ai_anomalies" time="1.799" /><testcase classname="backend.tests.test_yerba_api.TestAI" name="test_ai_forecast" time="0.056" /><testcase classname="backend.tests.test_yerba_api.TestPersistence" name="test_data_files" time="0.058" /><testcase classname="backend.tests.test_yerba_api.TestPersistence" name="test_data_excel" time="0.328" /><testcase classname="backend.tests.test_yerba_api.TestWebSocket" name="test_ws_stream" time="0.197" /></testsuite></testsuites>