<?xml version="1.0" encoding="utf-8"?><testsuites name="pytest tests"><testsuite name="pytest" errors="0" failures="1" skipped="0" tests="28" time="11.789" timestamp="2026-05-19T02:08:21.811086+00:00" hostname="agent-env-349a78bd-26c0-4367-acfe-d876f83b087c"><testcase classname="backend.tests.test_auth_recipes_batches.TestAuth" name="test_login_admin" time="0.471" /><testcase classname="backend.tests.test_auth_recipes_batches.TestAuth" name="test_login_operator" time="0.387" /><testcase classname="backend.tests.test_auth_recipes_batches.TestAuth" name="test_login_invalid" time="0.524" /><testcase classname="backend.tests.test_auth_recipes_batches.TestAuth" name="test_me" time="0.570" /><testcase classname="backend.tests.test_auth_recipes_batches.TestAuth" name="test_me_no_token" time="0.111" /><testcase classname="backend.tests.test_auth_recipes_batches.TestAuth" name="test_change_password_wrong_current" time="0.718" /><testcase classname="backend.tests.test_auth_recipes_batches.TestAuth" name="test_change_password_correct_then_revert" time="1.593" /><testcase classname="backend.tests.test_auth_recipes_batches.TestAuth" name="test_recover_invalid_code" time="0.146" /><testcase classname="backend.tests.test_auth_recipes_batches.TestAuth" name="test_list_users_admin" time="0.132" /><testcase classname="backend.tests.test_auth_recipes_batches.TestAuth" name="test_list_users_operator_forbidden" time="0.143" /><testcase classname="backend.tests.test_auth_recipes_batches.TestMode" name="test_get_mode" time="0.100" /><testcase classname="backend.tests.test_auth_recipes_batches.TestMode" name="test_set_mode_admin" time="0.362" /><testcase classname="backend.tests.test_auth_recipes_batches.TestMode" name="test_set_mode_operator_forbidden" time="0.111" /><testcase classname="backend.tests.test_auth_recipes_batches.TestMode" name="test_throughput_admin" time="0.317" /><testcase classname="backend.tests.test_auth_recipes_batches.TestMode" name="test_throughput_operator_forbidden" time="0.158" /><testcase classname="backend.tests.test_auth_recipes_batches.TestMode" name="test_twin_mode_freezes_simulator" time="3.490" /><testcase classname="backend.tests.test_auth_recipes_batches.TestStateNew" name="test_state_has_new_fields" time="0.119"><failure message="AssertionError: assert 'mode' in {'ambient': {'city': 'Oberá, Provincia de Misiones, Argentina', 'humidity': 91.0, 'latitude': -27.48683, 'longitude': -55.11994, ...}, 'camaras': [{'carga_kg': 0.0, 'co2': 3000.0, 'co2_obj': 3000.0, 'humedad': 71.5, ...}, {'carga_kg': 0.0, 'co2': 3200.0, 'co2_obj': 3200.0, 'humedad': 66.46, ...}, {'carga_kg': 0.0, 'co2': 3100.0, 'co2_obj': 3100.0, 'humedad': 74.31, ...}, {'carga_kg': 0.0, 'co2': 3050.0, 'co2_obj': 3050.0, 'humedad': 76.6, ...}], 'canchado': {'estado': True, 'tamano_particula': 5.84, 'velocidad_molino': 60.0}, 'secado': {'estado': True, 'humedad': 27.73, 'temperatura': 95.36, 'velocidad_aire': 2.5}, ...}">backend/tests/test_auth_recipes_batches.py:173: in test_state_has_new_fields
    assert "mode" in d
E   AssertionError: assert 'mode' in {'ambient': {'city': 'Oberá, Provincia de Misiones, Argentina', 'humidity': 91.0, 'latitude': -27.48683, 'longitude': -55.11994, ...}, 'camaras': [{'carga_kg': 0.0, 'co2': 3000.0, 'co2_obj': 3000.0, 'humedad': 71.5, ...}, {'carga_kg': 0.0, 'co2': 3200.0, 'co2_obj': 3200.0, 'humedad': 66.46, ...}, {'carga_kg': 0.0, 'co2': 3100.0, 'co2_obj': 3100.0, 'humedad': 74.31, ...}, {'carga_kg': 0.0, 'co2': 3050.0, 'co2_obj': 3050.0, 'humedad': 76.6, ...}], 'canchado': {'estado': True, 'tamano_particula': 5.84, 'velocidad_molino': 60.0}, 'secado': {'estado': True, 'humedad': 27.73, 'temperatura': 95.36, 'velocidad_aire': 2.5}, ...}</failure></testcase><testcase classname="backend.tests.test_auth_recipes_batches.TestRecipes" name="test_list_defaults" time="0.163" /><testcase classname="backend.tests.test_auth_recipes_batches.TestRecipes" name="test_apply_recipe_suave" time="0.109" /><testcase classname="backend.tests.test_auth_recipes_batches.TestRecipes" name="test_apply_recipe_404" time="0.152" /><testcase classname="backend.tests.test_auth_recipes_batches.TestRecipes" name="test_create_recipe_admin" time="0.253" /><testcase classname="backend.tests.test_auth_recipes_batches.TestRecipes" name="test_create_recipe_operator_forbidden" time="0.105" /><testcase classname="backend.tests.test_auth_recipes_batches.TestRecipes" name="test_delete_recipe_admin" time="0.119" /><testcase classname="backend.tests.test_auth_recipes_batches.TestRecipes" name="test_delete_recipe_operator_forbidden" time="0.121" /><testcase classname="backend.tests.test_auth_recipes_batches.TestBatches" name="test_list_batches_requires_auth" time="0.217" /><testcase classname="backend.tests.test_auth_recipes_batches.TestBatches" name="test_active_when_none" time="0.108" /><testcase classname="backend.tests.test_auth_recipes_batches.TestBatches" name="test_create_and_close_batch" time="0.671" /><testcase classname="backend.tests.test_auth_recipes_batches.TestServicesUp" name="test_services_status" time="0.099" /></testsuite></testsuites>