<?xml version="1.0" encoding="utf-8"?><testsuites name="pytest tests"><testsuite name="pytest" errors="0" failures="0" skipped="1" tests="90" time="58.788" timestamp="2026-05-19T11:03:26.362870+00:00" hostname="agent-env-349a78bd-26c0-4367-acfe-d876f83b087c"><testcase classname="backend.tests.test_auth_recipes_batches.TestAuth" name="test_login_admin" time="0.364" /><testcase classname="backend.tests.test_auth_recipes_batches.TestAuth" name="test_login_operator" time="0.327" /><testcase classname="backend.tests.test_auth_recipes_batches.TestAuth" name="test_login_invalid" time="0.474" /><testcase classname="backend.tests.test_auth_recipes_batches.TestAuth" name="test_me" time="0.425" /><testcase classname="backend.tests.test_auth_recipes_batches.TestAuth" name="test_me_no_token" time="0.122" /><testcase classname="backend.tests.test_auth_recipes_batches.TestAuth" name="test_change_password_wrong_current" time="0.652" /><testcase classname="backend.tests.test_auth_recipes_batches.TestAuth" name="test_change_password_correct_then_revert" time="1.544" /><testcase classname="backend.tests.test_auth_recipes_batches.TestAuth" name="test_recover_invalid_code" time="0.099" /><testcase classname="backend.tests.test_auth_recipes_batches.TestAuth" name="test_list_users_admin" time="0.108" /><testcase classname="backend.tests.test_auth_recipes_batches.TestAuth" name="test_list_users_operator_forbidden" time="0.100" /><testcase classname="backend.tests.test_auth_recipes_batches.TestMode" name="test_get_mode" time="0.102" /><testcase classname="backend.tests.test_auth_recipes_batches.TestMode" name="test_set_mode_admin" time="0.327" /><testcase classname="backend.tests.test_auth_recipes_batches.TestMode" name="test_set_mode_operator_forbidden" time="0.108" /><testcase classname="backend.tests.test_auth_recipes_batches.TestMode" name="test_throughput_admin" time="0.217" /><testcase classname="backend.tests.test_auth_recipes_batches.TestMode" name="test_throughput_operator_forbidden" time="0.108" /><testcase classname="backend.tests.test_auth_recipes_batches.TestMode" name="test_twin_mode_freezes_simulator" time="3.443" /><testcase classname="backend.tests.test_auth_recipes_batches.TestStateNew" name="test_state_has_new_fields" time="0.110" /><testcase classname="backend.tests.test_auth_recipes_batches.TestRecipes" name="test_list_defaults" time="0.112" /><testcase classname="backend.tests.test_auth_recipes_batches.TestRecipes" name="test_apply_recipe_suave" time="0.102" /><testcase classname="backend.tests.test_auth_recipes_batches.TestRecipes" name="test_apply_recipe_404" time="0.119" /><testcase classname="backend.tests.test_auth_recipes_batches.TestRecipes" name="test_create_recipe_admin" time="0.226" /><testcase classname="backend.tests.test_auth_recipes_batches.TestRecipes" name="test_create_recipe_operator_forbidden" time="0.095" /><testcase classname="backend.tests.test_auth_recipes_batches.TestRecipes" name="test_delete_recipe_admin" time="0.101" /><testcase classname="backend.tests.test_auth_recipes_batches.TestRecipes" name="test_delete_recipe_operator_forbidden" time="0.126" /><testcase classname="backend.tests.test_auth_recipes_batches.TestBatches" name="test_list_batches_requires_auth" time="0.216" /><testcase classname="backend.tests.test_auth_recipes_batches.TestBatches" name="test_active_when_none" time="0.098" /><testcase classname="backend.tests.test_auth_recipes_batches.TestBatches" name="test_create_and_close_batch" time="0.657" /><testcase classname="backend.tests.test_auth_recipes_batches.TestServicesUp" name="test_services_status" time="0.095" /><testcase classname="backend.tests.test_fase2_external.TestExternalStatus" name="test_status_shape" time="0.430" /><testcase classname="backend.tests.test_fase2_external.TestModbusClient" name="test_operator_forbidden" time="0.453" /><testcase classname="backend.tests.test_fase2_external.TestModbusClient" name="test_admin_enable_and_mirror_populates" time="6.228" /><testcase classname="backend.tests.test_fase2_external.TestModeAndDrift" name="test_set_mode_shadow" time="0.098" /><testcase classname="backend.tests.test_fase2_external.TestModeAndDrift" name="test_drift_populated_in_shadow" time="3.105" /><testcase classname="backend.tests.test_fase2_external.TestModeAndDrift" name="test_set_mode_twin" time="3.356" /><testcase classname="backend.tests.test_fase2_external.TestModeAndDrift" name="test_back_to_simulator" time="0.105" /><testcase classname="backend.tests.test_fase2_external.TestOtherClients" name="test_opcua_client_endpoint" time="0.119" /><testcase classname="backend.tests.test_fase2_external.TestOtherClients" name="test_mqtt_subscriber_endpoint" time="0.731" /><testcase classname="backend.tests.test_fase2_external.TestCalibration" name="test_analyze" time="0.133" /><testcase classname="backend.tests.test_fase2_external.TestCalibration" name="test_apply" time="0.105" /><testcase classname="backend.tests.test_fase2_external.TestCalibration" name="test_analyze_forbidden_operator" time="0.103" /><testcase classname="backend.tests.test_fase2_external.TestAudit" name="test_admin_sees_all" time="0.106" /><testcase classname="backend.tests.test_fase2_external.TestAudit" name="test_operator_sees_only_own" time="0.097" /><testcase classname="backend.tests.test_fase2_external.TestRegression" name="test_state" time="0.105" /><testcase classname="backend.tests.test_fase2_external.TestRegression" name="test_services_status" time="0.108" /><testcase classname="backend.tests.test_fase2_external.TestRegression" name="test_recipes" time="0.103" /><testcase classname="backend.tests.test_fase2_external.TestRegression" name="test_batches_list" time="0.103" /><testcase classname="backend.tests.test_fase3_ops.TestAlarms" name="test_active_returns_list" time="0.114" /><testcase classname="backend.tests.test_fase3_ops.TestAlarms" name="test_history_returns_list" time="0.098" /><testcase classname="backend.tests.test_fase3_ops.TestAlarms" name="test_rules_default_count" time="0.108" /><testcase classname="backend.tests.test_fase3_ops.TestAlarms" name="test_alarm_generated_after_simulator_runs" time="17.017" /><testcase classname="backend.tests.test_fase3_ops.TestAlarms" name="test_ack_requires_auth" time="0.099" /><testcase classname="backend.tests.test_fase3_ops.TestAlarms" name="test_ack_flow" time="0.427"><skipped type="pytest.skip" message="no hay alarmas para acknowledger">/app/backend/tests/test_fase3_ops.py:79: no hay alarmas para acknowledger</skipped></testcase><testcase classname="backend.tests.test_fase3_ops.TestAlarms" name="test_rules_admin_only" time="0.103" /><testcase classname="backend.tests.test_fase3_ops.TestAlarms" name="test_rules_admin_create_and_delete" time="0.528" /><testcase classname="backend.tests.test_fase3_ops.TestOEE" name="test_oee_shape" time="0.102" /><testcase classname="backend.tests.test_fase3_ops.TestMaintenance" name="test_maintenance_shape" time="0.112" /><testcase classname="backend.tests.test_fase3_ops.TestMaintenance" name="test_maintenance_ack" time="0.097" /><testcase classname="backend.tests.test_fase3_ops.TestEnergy" name="test_energy_shape" time="0.108" /><testcase classname="backend.tests.test_fase3_ops.TestEnergy" name="test_prices_admin_only" time="0.101" /><testcase classname="backend.tests.test_fase3_ops.TestEnergy" name="test_prices_admin_update" time="0.219" /><testcase classname="backend.tests.test_fase3_ops.TestEnergy" name="test_ops_reset_energy_admin" time="0.209" /><testcase classname="backend.tests.test_fase3_ops.TestEnergy" name="test_ops_reset_operario_403" time="0.121" /><testcase classname="backend.tests.test_fase3_ops.TestReports" name="test_monthly_pdf" time="0.113" /><testcase classname="backend.tests.test_fase3_ops.TestReports" name="test_batch_pdf" time="0.216" /><testcase classname="backend.tests.test_fase3_ops.TestBatchCloseUpdatesEnergy" name="test_close_batch_increments_kg_produced" time="0.558" /><testcase classname="backend.tests.test_fase3_ops.TestRegressionPhase1And2" name="test_state" time="0.106" /><testcase classname="backend.tests.test_fase3_ops.TestRegressionPhase1And2" name="test_recipes" time="0.101" /><testcase classname="backend.tests.test_fase3_ops.TestRegressionPhase1And2" name="test_batches" time="0.104" /><testcase classname="backend.tests.test_fase3_ops.TestRegressionPhase1And2" name="test_external_status" time="0.101" /><testcase classname="backend.tests.test_fase3_ops.TestRegressionPhase1And2" name="test_audit_admin" time="0.111" /><testcase classname="backend.tests.test_yerba_api.TestState" name="test_root" time="0.370" /><testcase classname="backend.tests.test_yerba_api.TestState" name="test_state_structure" time="0.043" /><testcase classname="backend.tests.test_yerba_api.TestState" name="test_services_status" time="0.047" /><testcase classname="backend.tests.test_yerba_api.TestState" name="test_history" time="5.065" /><testcase classname="backend.tests.test_yerba_api.TestControls" name="test_zapecado_patch" time="0.093" /><testcase classname="backend.tests.test_yerba_api.TestControls" name="test_secado_patch" time="0.049" /><testcase classname="backend.tests.test_yerba_api.TestControls" name="test_canchado_patch" time="0.046" /><testcase classname="backend.tests.test_yerba_api.TestControls" name="test_camara_patch" time="0.045" /><testcase classname="backend.tests.test_yerba_api.TestControls" name="test_camara_invalid_idx" time="0.045" /><testcase classname="backend.tests.test_yerba_api.TestConfig" name="test_get_config" time="0.047" /><testcase classname="backend.tests.test_yerba_api.TestConfig" name="test_patch_config" time="0.047" /><testcase classname="backend.tests.test_yerba_api.TestWeather" name="test_weather_get" time="0.043" /><testcase classname="backend.tests.test_yerba_api.TestWeather" name="test_weather_search" time="0.659" /><testcase classname="backend.tests.test_yerba_api.TestWeather" name="test_weather_set_location" time="0.585" /><testcase classname="backend.tests.test_yerba_api.TestAI" name="test_ai_chat" time="3.269" /><testcase classname="backend.tests.test_yerba_api.TestAI" name="test_ai_anomalies" time="0.044" /><testcase classname="backend.tests.test_yerba_api.TestAI" name="test_ai_forecast" time="0.045" /><testcase classname="backend.tests.test_yerba_api.TestPersistence" name="test_data_files" time="0.046" /><testcase classname="backend.tests.test_yerba_api.TestPersistence" name="test_data_excel" time="0.685" /><testcase classname="backend.tests.test_yerba_api.TestWebSocket" name="test_ws_stream" time="0.238" /></testsuite></testsuites>