<?xml version="1.0" encoding="utf-8"?><testsuites name="pytest tests"><testsuite name="pytest" errors="0" failures="0" skipped="0" tests="16" time="11.118" timestamp="2026-05-19T13:06:53.742232+00:00" hostname="agent-env-349a78bd-26c0-4367-acfe-d876f83b087c"><testcase classname="backend.tests.test_fase4_replay_whatif.TestCamaras" name="test_state_has_new_camera_fields" time="0.203" /><testcase classname="backend.tests.test_fase4_replay_whatif.TestCamaras" name="test_patch_camara_steam" time="0.631" /><testcase classname="backend.tests.test_fase4_replay_whatif.TestCamaras" name="test_camaras_count_admin_only" time="0.594" /><testcase classname="backend.tests.test_fase4_replay_whatif.TestCamaras" name="test_camaras_count_grow_shrink_persist" time="0.650" /><testcase classname="backend.tests.test_fase4_replay_whatif.TestReplay" name="test_replay_files_lists_csvs" time="0.116" /><testcase classname="backend.tests.test_fase4_replay_whatif.TestReplay" name="test_replay_admin_only" time="0.409" /><testcase classname="backend.tests.test_fase4_replay_whatif.TestReplay" name="test_replay_full_lifecycle" time="1.482" /><testcase classname="backend.tests.test_fase4_replay_whatif.TestWhatIf" name="test_whatif_admin_only_create" time="0.285" /><testcase classname="backend.tests.test_fase4_replay_whatif.TestWhatIf" name="test_whatif_create_and_kpis" time="3.904" /><testcase classname="backend.tests.test_fase4_replay_whatif.TestWhatIf" name="test_whatif_max_3_scenarios" time="0.602" /><testcase classname="backend.tests.test_fase4_replay_whatif.TestWhatIf" name="test_whatif_delete" time="0.497" /><testcase classname="backend.tests.test_fase4_replay_whatif.TestWhatIf" name="test_whatif_reset" time="1.144" /><testcase classname="backend.tests.test_fase4_replay_whatif.TestRegression" name="test_energy_endpoint_still_works" time="0.143" /><testcase classname="backend.tests.test_fase4_replay_whatif.TestRegression" name="test_oee_endpoint" time="0.118" /><testcase classname="backend.tests.test_fase4_replay_whatif.TestRegression" name="test_recipes_endpoint" time="0.131" /><testcase classname="backend.tests.test_fase4_replay_whatif.TestRegression" name="test_alarms_active" time="0.141" /></testsuite></testsuites>