<?xml version="1.0" encoding="utf-8"?><testsuites name="pytest tests"><testsuite name="pytest" errors="0" failures="1" skipped="1" tests="24" time="21.349" timestamp="2026-05-19T12:28:27.281215+00:00" hostname="agent-env-349a78bd-26c0-4367-acfe-d876f83b087c"><testcase classname="backend.tests.test_fase3_ops.TestAlarms" name="test_active_returns_list" time="0.148" /><testcase classname="backend.tests.test_fase3_ops.TestAlarms" name="test_history_returns_list" time="0.108" /><testcase classname="backend.tests.test_fase3_ops.TestAlarms" name="test_rules_default_count" time="0.108" /><testcase classname="backend.tests.test_fase3_ops.TestAlarms" name="test_alarm_generated_after_simulator_runs" time="17.133" /><testcase classname="backend.tests.test_fase3_ops.TestAlarms" name="test_ack_requires_auth" time="0.102" /><testcase classname="backend.tests.test_fase3_ops.TestAlarms" name="test_ack_flow" time="0.470"><skipped type="pytest.skip" message="no hay alarmas para acknowledger">/app/backend/tests/test_fase3_ops.py:79: no hay alarmas para acknowledger</skipped></testcase><testcase classname="backend.tests.test_fase3_ops.TestAlarms" name="test_rules_admin_only" time="0.100" /><testcase classname="backend.tests.test_fase3_ops.TestAlarms" name="test_rules_admin_create_and_delete" time="0.596" /><testcase classname="backend.tests.test_fase3_ops.TestOEE" name="test_oee_shape" time="0.110" /><testcase classname="backend.tests.test_fase3_ops.TestMaintenance" name="test_maintenance_shape" time="0.114" /><testcase classname="backend.tests.test_fase3_ops.TestMaintenance" name="test_maintenance_ack" time="0.113" /><testcase classname="backend.tests.test_fase3_ops.TestEnergy" name="test_energy_shape" time="0.103"><failure message="AssertionError: falta gas_m3&#10;assert 'gas_m3' in {'chip_calorific_mj_kg': 17.0, 'chips_cost_ars': 16944.61597574793, 'chips_kg': 178.36437869208348, 'cost_per_kg_ars': 368.32501509993887, ...}">E   AssertionError: falta gas_m3
    assert 'gas_m3' in {'chip_calorific_mj_kg': 17.0, 'chips_cost_ars': 16944.61597574793, 'chips_kg': 178.36437869208348, 'cost_per_kg_ars': 368.32501509993887, ...}</failure></testcase><testcase classname="backend.tests.test_fase3_ops.TestEnergy" name="test_prices_admin_only" time="0.099" /><testcase classname="backend.tests.test_fase3_ops.TestEnergy" name="test_prices_admin_update" time="0.214" /><testcase classname="backend.tests.test_fase3_ops.TestEnergy" name="test_ops_reset_energy_admin" time="0.231" /><testcase classname="backend.tests.test_fase3_ops.TestEnergy" name="test_ops_reset_operario_403" time="0.106" /><testcase classname="backend.tests.test_fase3_ops.TestReports" name="test_monthly_pdf" time="0.110" /><testcase classname="backend.tests.test_fase3_ops.TestReports" name="test_batch_pdf" time="0.222" /><testcase classname="backend.tests.test_fase3_ops.TestBatchCloseUpdatesEnergy" name="test_close_batch_increments_kg_produced" time="0.568" /><testcase classname="backend.tests.test_fase3_ops.TestRegressionPhase1And2" name="test_state" time="0.100" /><testcase classname="backend.tests.test_fase3_ops.TestRegressionPhase1And2" name="test_recipes" time="0.110" /><testcase classname="backend.tests.test_fase3_ops.TestRegressionPhase1And2" name="test_batches" time="0.105" /><testcase classname="backend.tests.test_fase3_ops.TestRegressionPhase1And2" name="test_external_status" time="0.101" /><testcase classname="backend.tests.test_fase3_ops.TestRegressionPhase1And2" name="test_audit_admin" time="0.105" /></testsuite></testsuites>