<?xml version="1.0" encoding="utf-8"?><testsuites name="pytest tests"><testsuite name="pytest" errors="0" failures="0" skipped="0" tests="13" time="23.265" timestamp="2026-05-19T17:37:18.197706+00:00" hostname="agent-env-349a78bd-26c0-4367-acfe-d876f83b087c"><testcase classname="tests.test_iter9_fixes.TestWeatherManual" name="test_manual_sets_ambient" time="0.443" /><testcase classname="tests.test_iter9_fixes.TestWeatherManual" name="test_manual_requires_admin" time="0.131" /><testcase classname="tests.test_iter9_fixes.TestZapecadoCoupling" name="test_sp_efectivo_formula_at_defaults" time="1.372" /><testcase classname="tests.test_iter9_fixes.TestZapecadoCoupling" name="test_sp_efectivo_increases_with_chip" time="1.372" /><testcase classname="tests.test_iter9_fixes.TestZapecadoCoupling" name="test_sp_drops_with_tambor_increase" time="1.374" /><testcase classname="tests.test_iter9_fixes.TestSecadoCoupling" name="test_aire_increases_cooling" time="8.220" /><testcase classname="tests.test_iter9_fixes.TestRealSpeeds" name="test_state_has_real_fields" time="0.170" /><testcase classname="tests.test_iter9_fixes.TestRealSpeeds" name="test_tambor_real_zero_when_off" time="1.172" /><testcase classname="tests.test_iter9_fixes.TestRealSpeeds" name="test_tambor_real_zero_on_motor_fault" time="1.172" /><testcase classname="tests.test_iter9_fixes.TestRealSpeeds" name="test_molino_real_zero_when_off" time="1.173" /><testcase classname="tests.test_iter9_fixes.TestRealSpeeds" name="test_molino_real_zero_on_motor_fault" time="1.177" /><testcase classname="tests.test_iter9_fixes.TestRegression" name="test_state_well_formed" time="0.175" /><testcase classname="tests.test_iter9_fixes.TestRegression" name="test_toggle_off_persists" time="5.239" /></testsuite></testsuites>