<?xml version="1.0" encoding="utf-8"?><testsuites name="pytest tests"><testsuite name="pytest" errors="0" failures="0" skipped="0" tests="11" time="3.051" timestamp="2026-05-19T17:05:37.940294+00:00" hostname="agent-env-349a78bd-26c0-4367-acfe-d876f83b087c"><testcase classname="backend.tests.test_iter8_sp_tau_faults" name="test_zapecado_sp_tau_faults" time="0.778" /><testcase classname="backend.tests.test_iter8_sp_tau_faults" name="test_zapecado_real_vs_sp_different" time="0.713" /><testcase classname="backend.tests.test_iter8_sp_tau_faults" name="test_secado_sp_tau_faults" time="0.227" /><testcase classname="backend.tests.test_iter8_sp_tau_faults" name="test_canchado_sp_tau_faults" time="0.226" /><testcase classname="backend.tests.test_iter8_sp_tau_faults" name="test_camara_tau_faults" time="0.254" /><testcase classname="backend.tests.test_iter8_sp_tau_faults" name="test_set_aceleracion_via_config" time="0.224" /><testcase classname="backend.tests.test_iter8_sp_tau_faults" name="test_regression_massflow_carga" time="0.108" /><testcase classname="backend.tests.test_iter8_sp_tau_faults" name="test_regression_recipes_list" time="0.111" /><testcase classname="backend.tests.test_iter8_sp_tau_faults" name="test_regression_alarms_active" time="0.115" /><testcase classname="backend.tests.test_iter8_sp_tau_faults" name="test_state_exposes_sp_tau_faults" time="0.098" /><testcase classname="backend.tests.test_iter8_sp_tau_faults" name="test_endpoints_require_auth" time="0.136" /></testsuite></testsuites>