<?xml version="1.0" encoding="utf-8"?><testsuites name="pytest tests"><testsuite name="pytest" errors="0" failures="0" skipped="0" tests="8" time="2.555" timestamp="2026-05-19T12:28:19.679699+00:00" hostname="agent-env-349a78bd-26c0-4367-acfe-d876f83b087c"><testcase classname="backend.tests.test_iter6_chips" name="test_energy_returns_chips_not_gas" time="0.151" /><testcase classname="backend.tests.test_iter6_chips" name="test_set_prices_persists" time="0.688" /><testcase classname="backend.tests.test_iter6_chips" name="test_set_prices_requires_admin" time="0.547" /><testcase classname="backend.tests.test_iter6_chips" name="test_set_shifts_persists" time="0.329" /><testcase classname="backend.tests.test_iter6_chips" name="test_set_shifts_requires_admin" time="0.111" /><testcase classname="backend.tests.test_iter6_chips" name="test_set_thresholds_persists" time="0.345" /><testcase classname="backend.tests.test_iter6_chips" name="test_set_thresholds_requires_admin" time="0.115" /><testcase classname="backend.tests.test_iter6_chips" name="test_report_monthly_pdf_has_chips" time="0.196" /></testsuite></testsuites>