<?xml version="1.0" encoding="utf-8"?><testsuites name="pytest tests"><testsuite name="pytest" errors="0" failures="1" skipped="0" tests="15" time="159.760" timestamp="2026-05-19T20:10:14.522269+00:00" hostname="agent-env-349a78bd-26c0-4367-acfe-d876f83b087c"><testcase classname="tests.test_iter10_pure_physics_pid.TestSimState" name="test_sim_block_has_required_fields" time="0.283" /><testcase classname="tests.test_iter10_pure_physics_pid.TestSimState" name="test_sim_clock_is_valid_iso_utc" time="0.148" /><testcase classname="tests.test_iter10_pure_physics_pid.TestWeatherManual" name="test_weather_manual_updates_ambient" time="1.077" /><testcase classname="tests.test_iter10_pure_physics_pid.TestZapecadoPhysics" name="test_zapecado_converges_in_range_default" time="22.438"><failure message="AssertionError: T=487.11 fuera del rango esperado 320-470°C&#10;assert 487.11 &lt;= 470">tests/test_iter10_pure_physics_pid.py:116: in test_zapecado_converges_in_range_default
    assert 320 &lt;= T &lt;= 470, f"T={T} fuera del rango esperado 320-470°C"
E   AssertionError: T=487.11 fuera del rango esperado 320-470°C
E   assert 487.11 &lt;= 470</failure></testcase><testcase classname="tests.test_iter10_pure_physics_pid.TestZapecadoPhysics" name="test_zapecado_chip_increase_raises_temp" time="45.753" /><testcase classname="tests.test_iter10_pure_physics_pid.TestSecadoPhysics" name="test_secado_without_heater_does_not_reach_sp" time="15.524" /><testcase classname="tests.test_iter10_pure_physics_pid.TestSecadoPhysics" name="test_secado_with_heater_70_climbs_toward_sp" time="20.565" /><testcase classname="tests.test_iter10_pure_physics_pid.TestPIDSecado" name="test_secado_pid_t_converges_to_sp" time="25.550" /><testcase classname="tests.test_iter10_pure_physics_pid.TestPIDZapecado" name="test_zap_pid_converges_to_sp" time="25.527" /><testcase classname="tests.test_iter10_pure_physics_pid.TestPidPatchAccepted" name="test_canchado_accepts_pid_patch" time="1.266" /><testcase classname="tests.test_iter10_pure_physics_pid.TestPidPatchAccepted" name="test_camara_accepts_pid_t_patch" time="1.263" /><testcase classname="tests.test_iter10_pure_physics_pid.TestRegression" name="test_massflow_endpoints_alive" time="0.065" /><testcase classname="tests.test_iter10_pure_physics_pid.TestRegression" name="test_recipes_alive" time="0.069" /><testcase classname="tests.test_iter10_pure_physics_pid.TestRegression" name="test_batches_alive" time="0.063" /><testcase classname="tests.test_iter10_pure_physics_pid.TestRegression" name="test_alarms_alive" time="0.062" /></testsuite></testsuites>