<?xml version="1.0" encoding="utf-8"?><testsuites name="pytest tests"><testsuite name="pytest" errors="0" failures="2" skipped="0" tests="15" time="56.134" timestamp="2026-05-20T03:16:23.105828+00:00" hostname="agent-env-349a78bd-26c0-4367-acfe-d876f83b087c"><testcase classname="backend.tests.test_iter11_bidirectional.TestMqttBidirectional" name="test_zapecado_cmd" time="2.261" /><testcase classname="backend.tests.test_iter11_bidirectional.TestMqttBidirectional" name="test_secado_cmd_with_pid" time="0.777" /><testcase classname="backend.tests.test_iter11_bidirectional.TestMqttBidirectional" name="test_camara_cmd" time="1.457" /><testcase classname="backend.tests.test_iter11_bidirectional.TestMqttBidirectional" name="test_raw_value_shortcut" time="1.503" /><testcase classname="backend.tests.test_iter11_bidirectional.TestMqttBidirectional" name="test_weather_cmd" time="1.123"><failure message="assert 6.23 &lt; 0.5&#10; +  where 6.23 = abs((11.77 - 18))">E   assert 6.23 &lt; 0.5
     +  where 6.23 = abs((11.77 - 18))</failure></testcase><testcase classname="backend.tests.test_iter11_bidirectional.TestModbusBidirectional" name="test_zapecado_register_and_coil" time="2.092" /><testcase classname="backend.tests.test_iter11_bidirectional.TestModbusBidirectional" name="test_secado_registers_and_coil" time="1.971" /><testcase classname="backend.tests.test_iter11_bidirectional.TestModbusBidirectional" name="test_camara_registers" time="1.961" /><testcase classname="backend.tests.test_iter11_bidirectional.TestOpcuaBidirectional" name="test_zapecado_temperatura_objetivo" time="4.549" /><testcase classname="backend.tests.test_iter11_bidirectional.TestOpcuaBidirectional" name="test_camara1_falla_ventilador" time="4.514" /><testcase classname="backend.tests.test_iter11_bidirectional.TestDocs" name="test_list_3_files" time="0.113" /><testcase classname="backend.tests.test_iter11_bidirectional.TestDocs" name="test_instructivo_content" time="0.124" /><testcase classname="backend.tests.test_iter11_bidirectional.TestWeather" name="test_ambient_source_valid" time="0.101" /><testcase classname="backend.tests.test_iter11_bidirectional.TestWeather" name="test_forecast_count_in_range_when_present" time="0.113" /><testcase classname="backend.tests.test_iter11_bidirectional.TestRegression" name="test_pid_secado_t_converges" time="33.378"><failure message="AssertionError: T=17.15 no converge a 95±2 (con 30s y accel=60)&#10;assert 93 &lt;= 17.15">E   AssertionError: T=17.15 no converge a 95±2 (con 30s y accel=60)
    assert 93 &lt;= 17.15</failure></testcase></testsuite></testsuites>