<?xml version="1.0" encoding="utf-8"?><testsuites name="pytest tests"><testsuite name="pytest" errors="0" failures="1" skipped="1" tests="24" time="21.377" timestamp="2026-05-19T11:02:13.513341+00:00" hostname="agent-env-349a78bd-26c0-4367-acfe-d876f83b087c"><testcase classname="backend.tests.test_fase3_ops.TestAlarms" name="test_active_returns_list" time="0.241" /><testcase classname="backend.tests.test_fase3_ops.TestAlarms" name="test_history_returns_list" time="0.114" /><testcase classname="backend.tests.test_fase3_ops.TestAlarms" name="test_rules_default_count" time="0.107" /><testcase classname="backend.tests.test_fase3_ops.TestAlarms" name="test_alarm_generated_after_simulator_runs" time="17.098" /><testcase classname="backend.tests.test_fase3_ops.TestAlarms" name="test_ack_requires_auth" time="0.119" /><testcase classname="backend.tests.test_fase3_ops.TestAlarms" name="test_ack_flow" time="0.433"><skipped type="pytest.skip" message="no hay alarmas para acknowledger">/app/backend/tests/test_fase3_ops.py:79: no hay alarmas para acknowledger</skipped></testcase><testcase classname="backend.tests.test_fase3_ops.TestAlarms" name="test_rules_admin_only" time="0.101" /><testcase classname="backend.tests.test_fase3_ops.TestAlarms" name="test_rules_admin_create_and_delete" time="0.565" /><testcase classname="backend.tests.test_fase3_ops.TestOEE" name="test_oee_shape" time="0.102" /><testcase classname="backend.tests.test_fase3_ops.TestMaintenance" name="test_maintenance_shape" time="0.108" /><testcase classname="backend.tests.test_fase3_ops.TestMaintenance" name="test_maintenance_ack" time="0.133" /><testcase classname="backend.tests.test_fase3_ops.TestEnergy" name="test_energy_shape" time="0.097" /><testcase classname="backend.tests.test_fase3_ops.TestEnergy" name="test_prices_admin_only" time="0.160" /><testcase classname="backend.tests.test_fase3_ops.TestEnergy" name="test_prices_admin_update" time="0.215" /><testcase classname="backend.tests.test_fase3_ops.TestEnergy" name="test_ops_reset_energy_admin" time="0.205" /><testcase classname="backend.tests.test_fase3_ops.TestEnergy" name="test_ops_reset_operario_403" time="0.109" /><testcase classname="backend.tests.test_fase3_ops.TestReports" name="test_monthly_pdf" time="0.104"><failure message="AssertionError: Internal Server Error&#10;assert 500 == 200&#10; +  where 500 = &lt;Response [500]&gt;.status_code">backend/tests/test_fase3_ops.py:190: in test_monthly_pdf
    assert r.status_code == 200, r.text[:200]
E   AssertionError: Internal Server Error
E   assert 500 == 200
E    +  where 500 = &lt;Response [500]&gt;.status_code</failure></testcase><testcase classname="backend.tests.test_fase3_ops.TestReports" name="test_batch_pdf" time="0.235" /><testcase classname="backend.tests.test_fase3_ops.TestBatchCloseUpdatesEnergy" name="test_close_batch_increments_kg_produced" time="0.505" /><testcase classname="backend.tests.test_fase3_ops.TestRegressionPhase1And2" name="test_state" time="0.105" /><testcase classname="backend.tests.test_fase3_ops.TestRegressionPhase1And2" name="test_recipes" time="0.104" /><testcase classname="backend.tests.test_fase3_ops.TestRegressionPhase1And2" name="test_batches" time="0.101" /><testcase classname="backend.tests.test_fase3_ops.TestRegressionPhase1And2" name="test_external_status" time="0.104" /><testcase classname="backend.tests.test_fase3_ops.TestRegressionPhase1And2" name="test_audit_admin" time="0.126" /></testsuite></testsuites>