<?xml version="1.0" encoding="utf-8"?><testsuites name="pytest tests"><testsuite name="pytest" errors="0" failures="0" skipped="0" tests="20" time="10.395" timestamp="2026-05-18T23:55:41.074937+00:00" hostname="agent-env-349a78bd-26c0-4367-acfe-d876f83b087c"><testcase classname="backend.tests.test_yerba_api.TestState" name="test_root" time="0.210" /><testcase classname="backend.tests.test_yerba_api.TestState" name="test_state_structure" time="0.051" /><testcase classname="backend.tests.test_yerba_api.TestState" name="test_services_status" time="0.049" /><testcase classname="backend.tests.test_yerba_api.TestState" name="test_history" time="5.070" /><testcase classname="backend.tests.test_yerba_api.TestControls" name="test_zapecado_patch" time="0.099" /><testcase classname="backend.tests.test_yerba_api.TestControls" name="test_secado_patch" time="0.047" /><testcase classname="backend.tests.test_yerba_api.TestControls" name="test_canchado_patch" time="0.051" /><testcase classname="backend.tests.test_yerba_api.TestControls" name="test_camara_patch" time="0.086" /><testcase classname="backend.tests.test_yerba_api.TestControls" name="test_camara_invalid_idx" time="0.048" /><testcase classname="backend.tests.test_yerba_api.TestConfig" name="test_get_config" time="0.047" /><testcase classname="backend.tests.test_yerba_api.TestConfig" name="test_patch_config" time="0.048" /><testcase classname="backend.tests.test_yerba_api.TestWeather" name="test_weather_get" time="0.046" /><testcase classname="backend.tests.test_yerba_api.TestWeather" name="test_weather_search" time="0.612" /><testcase classname="backend.tests.test_yerba_api.TestWeather" name="test_weather_set_location" time="0.554" /><testcase classname="backend.tests.test_yerba_api.TestAI" name="test_ai_chat" time="2.584" /><testcase classname="backend.tests.test_yerba_api.TestAI" name="test_ai_anomalies" time="0.045" /><testcase classname="backend.tests.test_yerba_api.TestAI" name="test_ai_forecast" time="0.044" /><testcase classname="backend.tests.test_yerba_api.TestPersistence" name="test_data_files" time="0.044" /><testcase classname="backend.tests.test_yerba_api.TestPersistence" name="test_data_excel" time="0.312" /><testcase classname="backend.tests.test_yerba_api.TestWebSocket" name="test_ws_stream" time="0.202" /></testsuite></testsuites>